<?xml version="1.0" encoding="UTF-8"?>
<!-- Generated by org.testng.reporters.JUnitReportReporter -->
<testsuite hostname="Sampath-Lappy" name="example.NewTest" tests="53" failures="0" timestamp="1 Jan 2017 09:58:54 GMT" time="20.389" errors="0">
  <testcase name="Zstatic_Validation_A2_Collections_Collections_MED_DATA_SYS" time="0.397" classname="example.NewTest"/>
  <testcase name="Zstatic_Validation_A2_Collections_LVNV_FUNDING_Account_Condition" time="0.373" classname="example.NewTest"/>
  <testcase name="Static_Data_Balance_Collections2" time="0.227" classname="example.NewTest"/>
  <testcase name="Static_Data_No_of_Public_Records" time="0.223" classname="example.NewTest"/>
  <testcase name="Zstatic_Validation_A2_Collections_LVNV_FUNDING_Account_Disputed" time="0.198" classname="example.NewTest"/>
  <testcase name="Zstatic_Validation_A1_Credit_Card_NAVYFCU_Account_Type" time="0.531" classname="example.NewTest"/>
  <testcase name="Static_Data_Balance_Accounts7" time="0.293" classname="example.NewTest"/>
  <testcase name="Static_Data_Balance_Accounts6" time="0.284" classname="example.NewTest"/>
  <testcase name="Zstatic_Validation_A1_Credit_Card_NAVYFCU_Last_Reported" time="0.323" classname="example.NewTest"/>
  <testcase name="Static_Data_Balance_Collections3" time="0.213" classname="example.NewTest"/>
  <testcase name="Zstatic_Validation_A1_Credit_Card_NAVYFCU_Payment_History" time="0.314" classname="example.NewTest"/>
  <testcase name="Zstatic_Validation_A2_Collections_Collections_LVNV_FUNDING1" time="0.649" classname="example.NewTest"/>
  <testcase name="Zstatic_Validation_A2_Collections_LVNV_FUNDING_Balance" time="0.189" classname="example.NewTest"/>
  <testcase name="Zstatic_Validation_A1_Credit_Card_NAVYFCU_Highest_Balance" time="0.302" classname="example.NewTest"/>
  <testcase name="Static_Data_Balance_Collections1" time="0.293" classname="example.NewTest"/>
  <testcase name="Static_Data_No_of_Credit_Inquires" time="0.264" classname="example.NewTest"/>
  <testcase name="Zstatic_Validation_A1_Credit_Card_NAVYFCU_Account_Number" time="0.413" classname="example.NewTest"/>
  <testcase name="Static_Data_Balance_Collections4" time="0.226" classname="example.NewTest"/>
  <testcase name="Static_Data_Balance_Accounts4" time="0.346" classname="example.NewTest"/>
  <testcase name="Zstatic_Validation_A2_Collections_LVNV_FUNDING_Original_Creditor" time="0.311" classname="example.NewTest"/>
  <testcase name="Zstatic_Validation_A2_Collections_LVNV_FUNDING_LAST_REPORTED" time="0.749" classname="example.NewTest"/>
  <testcase name="Static_Data_Validation_Name_and_Address" time="0.258" classname="example.NewTest"/>
  <testcase name="Static_Data_Balance_Accounts8" time="0.288" classname="example.NewTest"/>
  <testcase name="Zstatic_Validation_A1_Credit_Card_NAVYFCU_Credit_Limit" time="0.289" classname="example.NewTest"/>
  <testcase name="Static_Data_Balance_Accounts1" time="0.309" classname="example.NewTest"/>
  <testcase name="Zstatic_Validation_A2_Collections_AA_LVNV_FUNDING" time="2.027" classname="example.NewTest"/>
  <testcase name="Static_Data_Balance_Accounts5" time="0.318" classname="example.NewTest"/>
  <testcase name="Zstatic_Validation_A1_Credit_Card_NAVYFCU_Amount_Past_Due" time="0.224" classname="example.NewTest"/>
  <testcase name="Zstatic_Validation_A2_Collections_LVNV_FUNDING_Remarks" time="0.273" classname="example.NewTest"/>
  <testcase name="Static_Data_Credit_Inquiry2" time="0.238" classname="example.NewTest"/>
  <testcase name="Zstatic_Validation_A2_Collections_Collections_LVNV_FUNDING2" time="0.335" classname="example.NewTest"/>
  <testcase name="Zstatic_Validation_A2_Collections_LVNV_FUNDING_Responsibility" time="0.323" classname="example.NewTest"/>
  <testcase name="Zstatic_Validation_A2_Collections_LVNV_FUNDING_Creditorinfo" time="0.266" classname="example.NewTest"/>
  <testcase name="Zstatic_Validation_A1_Credit_Card_NAVYFCU_Date_Opened" time="0.225" classname="example.NewTest"/>
  <testcase name="Zstatic_Validation_A2_Collections_Personal_Information_for_Names_Reported" time="0.697" classname="example.NewTest"/>
  <testcase name="Static_Data_Amount_PublicRecords" time="0.409" classname="example.NewTest"/>
  <testcase name="Zstatic_Validation_A1_Credit_Card_NAVYFCU_Responsibility" time="0.275" classname="example.NewTest"/>
  <testcase name="Static_Data_Validation_closed_under_Open_Accounts" time="0.369" classname="example.NewTest"/>
  <testcase name="Zstatic_Validation_A1_AA_Credit_Card_NAVY_FCU_under_Accounts" time="2.265" classname="example.NewTest"/>
  <testcase name="Static_Data_Balance_Accounts2" time="0.304" classname="example.NewTest"/>
  <testcase name="Zstatic_Validation_A2_Collections_LVNV_FUNDING_Highest_Balance" time="0.292" classname="example.NewTest"/>
  <testcase name="Static_Data_No_of_Open_Accounts" time="0.297" classname="example.NewTest"/>
  <testcase name="Static_Data_Validation_personal_Information_For_Current_Address" time="0.322" classname="example.NewTest"/>
  <testcase name="Static_Data_Credit_Inquiry1" time="0.220" classname="example.NewTest"/>
  <testcase name="Zstatic_Validation_A1_Credit_Card_NAVYFCU_Creditor_info" time="0.209" classname="example.NewTest"/>
  <testcase name="Zstatic_Validation_A2_Collections_LVNV_FUNDING_Account_Number" time="0.197" classname="example.NewTest"/>
  <testcase name="Static_Data_No_of_Collections" time="0.254" classname="example.NewTest"/>
  <testcase name="Static_Data_Validation_personal_Information_For_Previous_Address2" time="0.315" classname="example.NewTest"/>
  <testcase name="Zstatic_Validation_A1_Credit_Card_NAVYFCU_Remarks" time="0.288" classname="example.NewTest"/>
  <testcase name="Static_Data_Validation_personal_Information_For_Current_Employer" time="0.309" classname="example.NewTest"/>
  <testcase name="Static_Data_Validation_personal_Information_For_Previous_Address1" time="0.322" classname="example.NewTest"/>
  <testcase name="Zstatic_Validation_A1_Credit_Card_NAVYFCU_Account_Disputed" time="0.255" classname="example.NewTest"/>
  <testcase name="Static_Data_Balance_Accounts3" time="0.299" classname="example.NewTest"/>
</testsuite> <!-- example.NewTest -->
