<?xml version="1.0" encoding="UTF-8"?>
<!-- Generated by org.testng.reporters.JUnitReportReporter -->
<testsuite hostname="Sampath-Lappy" name="example.NewTest" tests="53" failures="0" timestamp="1 Jan 2017 09:02:19 GMT" time="18.796" errors="0">
  <testcase name="Zstatic_Validation_A2_Collections_Collections_MED_DATA_SYS" time="0.681" classname="example.NewTest"/>
  <testcase name="Zstatic_Validation_A2_Collections_LVNV_FUNDING_Account_Condition" time="0.199" classname="example.NewTest"/>
  <testcase name="Static_Data_Balance_Collections2" time="0.318" classname="example.NewTest"/>
  <testcase name="Static_Data_No_of_Public_Records" time="0.248" classname="example.NewTest"/>
  <testcase name="Zstatic_Validation_A2_Collections_LVNV_FUNDING_Account_Disputed" time="0.278" classname="example.NewTest"/>
  <testcase name="Zstatic_Validation_A1_Credit_Card_NAVYFCU_Account_Type" time="0.401" classname="example.NewTest"/>
  <testcase name="Static_Data_Balance_Accounts7" time="0.256" classname="example.NewTest"/>
  <testcase name="Static_Data_Balance_Accounts6" time="0.190" classname="example.NewTest"/>
  <testcase name="Zstatic_Validation_A1_Credit_Card_NAVYFCU_Last_Reported" time="0.317" classname="example.NewTest"/>
  <testcase name="Static_Data_Balance_Collections3" time="0.245" classname="example.NewTest"/>
  <testcase name="Zstatic_Validation_A1_Credit_Card_NAVYFCU_Payment_History" time="0.275" classname="example.NewTest"/>
  <testcase name="Zstatic_Validation_A2_Collections_Collections_LVNV_FUNDING1" time="0.257" classname="example.NewTest"/>
  <testcase name="Zstatic_Validation_A2_Collections_LVNV_FUNDING_Balance" time="0.266" classname="example.NewTest"/>
  <testcase name="Zstatic_Validation_A1_Credit_Card_NAVYFCU_Highest_Balance" time="0.279" classname="example.NewTest"/>
  <testcase name="Static_Data_Balance_Collections1" time="0.300" classname="example.NewTest"/>
  <testcase name="Static_Data_No_of_Credit_Inquires" time="0.279" classname="example.NewTest"/>
  <testcase name="Zstatic_Validation_A1_Credit_Card_NAVYFCU_Account_Number" time="0.322" classname="example.NewTest"/>
  <testcase name="Static_Data_Balance_Collections4" time="0.270" classname="example.NewTest"/>
  <testcase name="Static_Data_Balance_Accounts4" time="0.229" classname="example.NewTest"/>
  <testcase name="Zstatic_Validation_A2_Collections_LVNV_FUNDING_Original_Creditor" time="0.496" classname="example.NewTest"/>
  <testcase name="Zstatic_Validation_A2_Collections_LVNV_FUNDING_LAST_REPORTED" time="0.267" classname="example.NewTest"/>
  <testcase name="Static_Data_Validation_Name_and_Address" time="0.275" classname="example.NewTest"/>
  <testcase name="Static_Data_Balance_Accounts8" time="0.294" classname="example.NewTest"/>
  <testcase name="Zstatic_Validation_A1_Credit_Card_NAVYFCU_Credit_Limit" time="0.366" classname="example.NewTest"/>
  <testcase name="Static_Data_Balance_Accounts1" time="0.307" classname="example.NewTest"/>
  <testcase name="Zstatic_Validation_A2_Collections_AA_LVNV_FUNDING" time="1.936" classname="example.NewTest"/>
  <testcase name="Static_Data_Balance_Accounts5" time="0.451" classname="example.NewTest"/>
  <testcase name="Zstatic_Validation_A1_Credit_Card_NAVYFCU_Amount_Past_Due" time="0.236" classname="example.NewTest"/>
  <testcase name="Zstatic_Validation_A2_Collections_LVNV_FUNDING_Remarks" time="0.211" classname="example.NewTest"/>
  <testcase name="Static_Data_Credit_Inquiry2" time="0.318" classname="example.NewTest"/>
  <testcase name="Zstatic_Validation_A2_Collections_Collections_LVNV_FUNDING2" time="0.331" classname="example.NewTest"/>
  <testcase name="Zstatic_Validation_A2_Collections_LVNV_FUNDING_Responsibility" time="0.281" classname="example.NewTest"/>
  <testcase name="Zstatic_Validation_A2_Collections_LVNV_FUNDING_Creditorinfo" time="0.306" classname="example.NewTest"/>
  <testcase name="Zstatic_Validation_A1_Credit_Card_NAVYFCU_Date_Opened" time="0.272" classname="example.NewTest"/>
  <testcase name="Zstatic_Validation_A2_Collections_Personal_Information_for_Names_Reported" time="0.246" classname="example.NewTest"/>
  <testcase name="Static_Data_Amount_PublicRecords" time="0.415" classname="example.NewTest"/>
  <testcase name="Zstatic_Validation_A1_Credit_Card_NAVYFCU_Responsibility" time="0.207" classname="example.NewTest"/>
  <testcase name="Static_Data_Validation_closed_under_Open_Accounts" time="0.447" classname="example.NewTest"/>
  <testcase name="Zstatic_Validation_A1_AA_Credit_Card_NAVY_FCU_under_Accounts" time="2.021" classname="example.NewTest"/>
  <testcase name="Static_Data_Balance_Accounts2" time="0.262" classname="example.NewTest"/>
  <testcase name="Zstatic_Validation_A2_Collections_LVNV_FUNDING_Highest_Balance" time="0.293" classname="example.NewTest"/>
  <testcase name="Static_Data_No_of_Open_Accounts" time="0.251" classname="example.NewTest"/>
  <testcase name="Static_Data_Validation_personal_Information_For_Current_Address" time="0.254" classname="example.NewTest"/>
  <testcase name="Static_Data_Credit_Inquiry1" time="0.291" classname="example.NewTest"/>
  <testcase name="Zstatic_Validation_A1_Credit_Card_NAVYFCU_Creditor_info" time="0.251" classname="example.NewTest"/>
  <testcase name="Zstatic_Validation_A2_Collections_LVNV_FUNDING_Account_Number" time="0.282" classname="example.NewTest"/>
  <testcase name="Static_Data_No_of_Collections" time="0.246" classname="example.NewTest"/>
  <testcase name="Static_Data_Validation_personal_Information_For_Previous_Address2" time="0.216" classname="example.NewTest"/>
  <testcase name="Zstatic_Validation_A1_Credit_Card_NAVYFCU_Remarks" time="0.214" classname="example.NewTest"/>
  <testcase name="Static_Data_Validation_personal_Information_For_Current_Employer" time="0.231" classname="example.NewTest"/>
  <testcase name="Static_Data_Validation_personal_Information_For_Previous_Address1" time="0.214" classname="example.NewTest"/>
  <testcase name="Zstatic_Validation_A1_Credit_Card_NAVYFCU_Account_Disputed" time="0.227" classname="example.NewTest"/>
  <testcase name="Static_Data_Balance_Accounts3" time="0.271" classname="example.NewTest"/>
</testsuite> <!-- example.NewTest -->
