<?xml version="1.0" encoding="UTF-8"?>
<!-- Generated by org.testng.reporters.JUnitReportReporter -->
<testsuite hostname="Sampath-Lappy" name="example.Dashboard_Test" tests="10" failures="0" timestamp="2 Jan 2017 20:13:28 GMT" time="3.605" errors="0">
  <testcase name="Balance_CAR_LOAN_NAVY_FCU1" time="0.301" classname="example.Dashboard_Test"/>
  <testcase name="Balance_BK_OF_AMER" time="0.818" classname="example.Dashboard_Test"/>
  <testcase name="Balance_LVNV_FUNDING" time="0.323" classname="example.Dashboard_Test"/>
  <testcase name="Balance_LINE_OF_CREDIT_BENFCL_HFC" time="0.298" classname="example.Dashboard_Test"/>
  <testcase name="Balance_CAR_LOAN_NAVY_FCU" time="0.341" classname="example.Dashboard_Test"/>
  <testcase name="Balance_MIL_STAR" time="0.293" classname="example.Dashboard_Test"/>
  <testcase name="Balance_SECURED_NAVY_FCU" time="0.271" classname="example.Dashboard_Test"/>
  <testcase name="Balance_MED_DATA_SYS" time="0.332" classname="example.Dashboard_Test"/>
  <testcase name="Balance_LVNV_FUNDING_1" time="0.353" classname="example.Dashboard_Test"/>
  <testcase name="Balance_LINE_OF_CREDIT_NAVY_FCU" time="0.275" classname="example.Dashboard_Test"/>
</testsuite> <!-- example.Dashboard_Test -->
